ERROR - 2024-06-05 04:20:26 --> Error connecting to the database: Unknown database 'lab_ci4'
CRITICAL - 2024-06-05 04:20:26 --> Unable to connect to the database.
Main connection [MySQLi]: Unknown database 'lab_ci4'
#0 C:\xampp\htdocs\Lab11web\ci4-prak14\system\Database\BaseConnection.php(577): CodeIgniter\Database\BaseConnection->initialize()
#1 C:\xampp\htdocs\Lab11web\ci4-prak14\system\Database\BaseBuilder.php(1455): CodeIgniter\Database\BaseConnection->query('SELECT *\nFROM `...', Array, false)
#2 C:\xampp\htdocs\Lab11web\ci4-prak14\system\Model.php(183): CodeIgniter\Database\BaseBuilder->get()
#3 C:\xampp\htdocs\Lab11web\ci4-prak14\system\BaseModel.php(584): CodeIgniter\Model->doFindAll(0, 0)
#4 C:\xampp\htdocs\Lab11web\ci4-prak14\app\Controllers\Post.php(13): CodeIgniter\BaseModel->findAll()
#5 C:\xampp\htdocs\Lab11web\ci4-prak14\system\CodeIgniter.php(832): App\Controllers\Post->index()
#6 C:\xampp\htdocs\Lab11web\ci4-prak14\system\CodeIgniter.php(419): CodeIgniter\CodeIgniter->runController(Object(App\Controllers\Post))
#7 C:\xampp\htdocs\Lab11web\ci4-prak14\system\CodeIgniter.php(326): CodeIgniter\CodeIgniter->handleRequest(NULL, Object(Config\Cache), false)
#8 C:\xampp\htdocs\Lab11web\ci4-prak14\public\index.php(37): CodeIgniter\CodeIgniter->run()
#9 C:\xampp\htdocs\Lab11web\ci4-prak14\system\Commands\Server\rewrite.php(43): require_once('C:\\xampp\\htdocs...')
#10 {main}
ERROR - 2024-06-05 04:20:30 --> Error connecting to the database: Unknown database 'lab_ci4'
CRITICAL - 2024-06-05 04:20:30 --> Unable to connect to the database.
Main connection [MySQLi]: Unknown database 'lab_ci4'
#0 C:\xampp\htdocs\Lab11web\ci4-prak14\system\Database\BaseConnection.php(577): CodeIgniter\Database\BaseConnection->initialize()
#1 C:\xampp\htdocs\Lab11web\ci4-prak14\system\Database\BaseBuilder.php(1455): CodeIgniter\Database\BaseConnection->query('SELECT *\nFROM `...', Array, false)
#2 C:\xampp\htdocs\Lab11web\ci4-prak14\system\Model.php(183): CodeIgniter\Database\BaseBuilder->get()
#3 C:\xampp\htdocs\Lab11web\ci4-prak14\system\BaseModel.php(584): CodeIgniter\Model->doFindAll(0, 0)
#4 C:\xampp\htdocs\Lab11web\ci4-prak14\app\Controllers\Post.php(13): CodeIgniter\BaseModel->findAll()
#5 C:\xampp\htdocs\Lab11web\ci4-prak14\system\CodeIgniter.php(832): App\Controllers\Post->index()
#6 C:\xampp\htdocs\Lab11web\ci4-prak14\system\CodeIgniter.php(419): CodeIgniter\CodeIgniter->runController(Object(App\Controllers\Post))
#7 C:\xampp\htdocs\Lab11web\ci4-prak14\system\CodeIgniter.php(326): CodeIgniter\CodeIgniter->handleRequest(NULL, Object(Config\Cache), false)
#8 C:\xampp\htdocs\Lab11web\ci4-prak14\public\index.php(37): CodeIgniter\CodeIgniter->run()
#9 C:\xampp\htdocs\Lab11web\ci4-prak14\system\Commands\Server\rewrite.php(43): require_once('C:\\xampp\\htdocs...')
#10 {main}
ERROR - 2024-06-05 04:20:41 --> Error connecting to the database: Unknown database 'lab_ci4'
CRITICAL - 2024-06-05 04:20:41 --> Unable to connect to the database.
Main connection [MySQLi]: Unknown database 'lab_ci4'
#0 C:\xampp\htdocs\Lab11web\ci4-prak14\system\Database\BaseConnection.php(577): CodeIgniter\Database\BaseConnection->initialize()
#1 C:\xampp\htdocs\Lab11web\ci4-prak14\system\Database\BaseBuilder.php(1455): CodeIgniter\Database\BaseConnection->query('SELECT *\nFROM `...', Array, false)
#2 C:\xampp\htdocs\Lab11web\ci4-prak14\system\Model.php(183): CodeIgniter\Database\BaseBuilder->get()
#3 C:\xampp\htdocs\Lab11web\ci4-prak14\system\BaseModel.php(584): CodeIgniter\Model->doFindAll(0, 0)
#4 C:\xampp\htdocs\Lab11web\ci4-prak14\app\Controllers\Post.php(13): CodeIgniter\BaseModel->findAll()
#5 C:\xampp\htdocs\Lab11web\ci4-prak14\system\CodeIgniter.php(832): App\Controllers\Post->index()
#6 C:\xampp\htdocs\Lab11web\ci4-prak14\system\CodeIgniter.php(419): CodeIgniter\CodeIgniter->runController(Object(App\Controllers\Post))
#7 C:\xampp\htdocs\Lab11web\ci4-prak14\system\CodeIgniter.php(326): CodeIgniter\CodeIgniter->handleRequest(NULL, Object(Config\Cache), false)
#8 C:\xampp\htdocs\Lab11web\ci4-prak14\public\index.php(37): CodeIgniter\CodeIgniter->run()
#9 C:\xampp\htdocs\Lab11web\ci4-prak14\system\Commands\Server\rewrite.php(43): require_once('C:\\xampp\\htdocs...')
#10 {main}
ERROR - 2024-06-05 04:21:18 --> Error connecting to the database: Unknown database 'lab_ci4'
CRITICAL - 2024-06-05 04:21:18 --> Unable to connect to the database.
Main connection [MySQLi]: Unknown database 'lab_ci4'
#0 C:\xampp\htdocs\Lab11web\ci4-prak14\system\Database\BaseConnection.php(577): CodeIgniter\Database\BaseConnection->initialize()
#1 C:\xampp\htdocs\Lab11web\ci4-prak14\system\Database\BaseBuilder.php(1455): CodeIgniter\Database\BaseConnection->query('SELECT *\nFROM `...', Array, false)
#2 C:\xampp\htdocs\Lab11web\ci4-prak14\system\Model.php(183): CodeIgniter\Database\BaseBuilder->get()
#3 C:\xampp\htdocs\Lab11web\ci4-prak14\system\BaseModel.php(584): CodeIgniter\Model->doFindAll(0, 0)
#4 C:\xampp\htdocs\Lab11web\ci4-prak14\app\Controllers\Post.php(13): CodeIgniter\BaseModel->findAll()
#5 C:\xampp\htdocs\Lab11web\ci4-prak14\system\CodeIgniter.php(832): App\Controllers\Post->index()
#6 C:\xampp\htdocs\Lab11web\ci4-prak14\system\CodeIgniter.php(419): CodeIgniter\CodeIgniter->runController(Object(App\Controllers\Post))
#7 C:\xampp\htdocs\Lab11web\ci4-prak14\system\CodeIgniter.php(326): CodeIgniter\CodeIgniter->handleRequest(NULL, Object(Config\Cache), false)
#8 C:\xampp\htdocs\Lab11web\ci4-prak14\public\index.php(37): CodeIgniter\CodeIgniter->run()
#9 C:\xampp\htdocs\Lab11web\ci4-prak14\system\Commands\Server\rewrite.php(43): require_once('C:\\xampp\\htdocs...')
#10 {main}
